Using pre-set license
Built from '2020.3/staging' branch; Version is '2020.3.25f1 (9b9180224418) revision 10195328'; Using compiler version '192528614'; Build Type 'Release'
OS: 'Windows 10  (10.0.19044) 64bit Professional' Language: 'tr' Physical Memory: 32694 MB
BatchMode: 1, IsHumanControllingUs: 0, StartBugReporterOnCrash: 0, Is64bit: 1, IsPro: 0

COMMAND LINE ARGUMENTS:
C:\Program Files\Unity Hub\editor\Unity 2020.3.25f1\Editor\Unity.exe
-adb2
-batchMode
-noUpm
-name
AssetImportWorker0
-projectPath
C:/Users/yigit/Documents/GitHub/Unity-131/UnityTeam131Game
-logFile
Logs/AssetImportWorker0.log
-srvPort
64999
Successfully changed project path to: C:/Users/yigit/Documents/GitHub/Unity-131/UnityTeam131Game
C:/Users/yigit/Documents/GitHub/Unity-131/UnityTeam131Game
Using Asset Import Pipeline V2.
Refreshing native plugins compatible for Editor in 39.44 ms, found 2 plugins.
Preloading 0 native plugins for Editor in 0.00 ms.
Initialize engine version: 2020.3.25f1 (9b9180224418)
[Subsystems] Discovering subsystems at path C:/Program Files/Unity Hub/editor/Unity 2020.3.25f1/Editor/Data/Resources/UnitySubsystems
[Subsystems] Discovering subsystems at path C:/Users/yigit/Documents/GitHub/Unity-131/UnityTeam131Game/Assets
GfxDevice: creating device client; threaded=0
Direct3D:
    Version:  Direct3D 11.0 [level 11.1]
    Renderer: NVIDIA GeForce RTX 3060 Ti (ID=0x2489)
    Vendor:   
    VRAM:     8050 MB
    Driver:   30.0.15.1215
Initialize mono
Mono path[0] = 'C:/Program Files/Unity Hub/editor/Unity 2020.3.25f1/Editor/Data/Managed'
Mono path[1] = 'C:/Program Files/Unity Hub/editor/Unity 2020.3.25f1/Editor/Data/MonoBleedingEdge/lib/mono/unityjit'
Mono config path = 'C:/Program Files/Unity Hub/editor/Unity 2020.3.25f1/Editor/Data/MonoBleedingEdge/etc'
Using monoOptions --debugger-agent=transport=dt_socket,embedding=1,server=y,suspend=n,address=127.0.0.1:56952
Begin MonoManager ReloadAssembly
Registering precompiled unity dll's ...
Register platform support module: C:/Program Files/Unity Hub/editor/Unity 2020.3.25f1/Editor/Data/PlaybackEngines/WindowsStandaloneSupport/UnityEditor.WindowsStandalone.Extensions.dll
Registered in 0.001304 seconds.
Native extension for WindowsStandalone target not found
Refreshing native plugins compatible for Editor in 39.46 ms, found 2 plugins.
Preloading 0 native plugins for Editor in 0.00 ms.
Mono: successfully reloaded assembly
- Completed reload, in  0.373 seconds
Domain Reload Profiling:
	ReloadAssembly (374ms)
		BeginReloadAssembly (36ms)
			ExecutionOrderSort (0ms)
			DisableScriptedObjects (0ms)
			BackupInstance (0ms)
			ReleaseScriptingObjects (0ms)
			CreateAndSetChildDomain (0ms)
		EndReloadAssembly (291ms)
			LoadAssemblies (34ms)
			RebuildTransferFunctionScriptingTraits (0ms)
			SetupTypeCache (87ms)
			ReleaseScriptCaches (0ms)
			RebuildScriptCaches (17ms)
			SetupLoadedEditorAssemblies (121ms)
				LogAssemblyErrors (0ms)
				InitializePlatformSupportModulesInManaged (3ms)
				SetLoadedEditorAssemblies (0ms)
				RefreshPlugins (39ms)
				BeforeProcessingInitializeOnLoad (6ms)
				ProcessInitializeOnLoadAttributes (54ms)
				ProcessInitializeOnLoadMethodAttributes (19ms)
				AfterProcessingInitializeOnLoad (0ms)
				EditorAssembliesLoaded (0ms)
			ExecutionOrderSort2 (0ms)
			AwakeInstancesAfterBackupRestoration (0ms)
Platform modules already initialized, skipping
Registering precompiled user dll's ...
Registered in 0.003483 seconds.
Begin MonoManager ReloadAssembly
Native extension for WindowsStandalone target not found
Refreshing native plugins compatible for Editor in 40.08 ms, found 2 plugins.
Preloading 0 native plugins for Editor in 0.00 ms.
Mono: successfully reloaded assembly
- Completed reload, in  0.718 seconds
Domain Reload Profiling:
	ReloadAssembly (718ms)
		BeginReloadAssembly (87ms)
			ExecutionOrderSort (0ms)
			DisableScriptedObjects (3ms)
			BackupInstance (0ms)
			ReleaseScriptingObjects (0ms)
			CreateAndSetChildDomain (13ms)
		EndReloadAssembly (591ms)
			LoadAssemblies (60ms)
			RebuildTransferFunctionScriptingTraits (0ms)
			SetupTypeCache (190ms)
			ReleaseScriptCaches (0ms)
			RebuildScriptCaches (31ms)
			SetupLoadedEditorAssemblies (235ms)
				LogAssemblyErrors (0ms)
				InitializePlatformSupportModulesInManaged (2ms)
				SetLoadedEditorAssemblies (0ms)
				RefreshPlugins (40ms)
				BeforeProcessingInitializeOnLoad (55ms)
				ProcessInitializeOnLoadAttributes (128ms)
				ProcessInitializeOnLoadMethodAttributes (6ms)
				AfterProcessingInitializeOnLoad (4ms)
				EditorAssembliesLoaded (0ms)
			ExecutionOrderSort2 (0ms)
			AwakeInstancesAfterBackupRestoration (4ms)
Platform modules already initialized, skipping
========================================================================
Worker process is ready to serve import requests
Launched and connected shader compiler UnityShaderCompiler.exe after 0.03 seconds
Refreshing native plugins compatible for Editor in 0.52 ms, found 2 plugins.
Preloading 0 native plugins for Editor in 0.00 ms.
Unloading 3169 Unused Serialized files (Serialized files now loaded: 0)
System memory in use before: 144.1 MB.
System memory in use after: 144.3 MB.

Unloading 20 unused Assets to reduce memory usage. Loaded Objects now: 3605.
Total: 2.778500 ms (FindLiveObjects: 0.207800 ms CreateObjectMapping: 0.092500 ms MarkObjects: 2.408300 ms  DeleteObjects: 0.069000 ms)

AssetImportParameters requested are different than current active one (requested -> active):
  custom:framework-win-MediaFoundation: 216162199b28c13a410421893ffa2e32 -> 
  custom:video-decoder-ogg-theora: a1e56fd34408186e4bbccfd4996cb3dc -> 
  custom:container-muxer-webm: aa71ff27fc2769a1b78a27578f13a17b -> 
  custom:container-demuxer-webm: 4f35f7cbe854078d1ac9338744f61a02 -> 
  custom:container-demuxer-ogg: 62fdf1f143b41e24485cea50d1cbac27 -> 
  custom:video-encoder-webm-vp8: eb34c28f22e8b96e1ab97ce403110664 -> 
  custom:video-decoder-webm-vp8: 9c59270c3fd7afecdb556c50c9e8de78 -> 
  custom:audio-decoder-ogg-vorbis: bf7c407c2cedff20999df2af8eb42d56 -> 
  custom:audio-encoder-webm-vorbis: bf7c407c2cedff20999df2af8eb42d56 -> 
========================================================================
Received Import Request.
  path: Assets/Team131Game/131TestScene/TestPrefabs/Player 1.prefab
  artifactKey: Guid(541931e1d215a12458150a0bda7b2d23) Importer(815301076,1909f56bfc062723c751e8b465ee728b)
Start importing Assets/Team131Game/131TestScene/TestPrefabs/Player 1.prefab using Guid(541931e1d215a12458150a0bda7b2d23) Importer(815301076,1909f56bfc062723c751e8b465ee728b)  -> (artifact id: 'f6a733134a42e705c6785d811b8d8527') in 0.146243 seconds 
  Import took 0.150081 seconds .

========================================================================
Received Import Request.
  Time since last request: 55.249988 seconds.
  path: Assets/Team131Game/131TestScene/Models
  artifactKey: Guid(9d0ea7e83152a054b96c8be5b2a18b66) Importer(815301076,1909f56bfc062723c751e8b465ee728b)
Start importing Assets/Team131Game/131TestScene/Models using Guid(9d0ea7e83152a054b96c8be5b2a18b66) Importer(815301076,1909f56bfc062723c751e8b465ee728b)  -> (artifact id: 'd89a713d26f80936a1ab9eabfecc0074') in 0.005261 seconds 
  Import took 0.009071 seconds .

========================================================================
Received Import Request.
  Time since last request: 12.832800 seconds.
  path: Assets/Team131Game/131TestScene/Models/Building1.fbx
  artifactKey: Guid(ec86467b76990b84a97afd71791e56d3) Importer(815301076,1909f56bfc062723c751e8b465ee728b)
Start importing Assets/Team131Game/131TestScene/Models/Building1.fbx using Guid(ec86467b76990b84a97afd71791e56d3) Importer(815301076,1909f56bfc062723c751e8b465ee728b)  -> (artifact id: '0feebe2be26ce83628166b6f04e1c983') in 0.049411 seconds 
  Import took 0.053195 seconds .

========================================================================
Received Import Request.
  Time since last request: 12.940254 seconds.
  path: Assets/Team131Game/131TestScene/Models/Building1.fbx
  artifactKey: Guid(ec86467b76990b84a97afd71791e56d3) Importer(815301076,1909f56bfc062723c751e8b465ee728b)
Start importing Assets/Team131Game/131TestScene/Models/Building1.fbx using Guid(ec86467b76990b84a97afd71791e56d3) Importer(815301076,1909f56bfc062723c751e8b465ee728b)  -> (artifact id: 'de7a2cbb9ccd262a33d2c87ceae2871a') in 0.029918 seconds 
  Import took 0.033681 seconds .

========================================================================
Received Import Request.
  Time since last request: 0.000128 seconds.
  path: Assets/Team131Game/131TestScene/Models/texture 2.jpg
  artifactKey: Guid(7378aa7a570d1bc44a1962756edaa94d) Importer(815301076,1909f56bfc062723c751e8b465ee728b)
Start importing Assets/Team131Game/131TestScene/Models/texture 2.jpg using Guid(7378aa7a570d1bc44a1962756edaa94d) Importer(815301076,1909f56bfc062723c751e8b465ee728b)  -> (artifact id: 'c19ee84fe15186b08f3b19e1f4c8e16b') in 0.014994 seconds 
  Import took 0.018491 seconds .

========================================================================
Received Prepare
Registering precompiled user dll's ...
Registered in 0.003235 seconds.
Begin MonoManager ReloadAssembly
Native extension for WindowsStandalone target not found
Refreshing native plugins compatible for Editor in 0.66 ms, found 2 plugins.
Preloading 0 native plugins for Editor in 0.00 ms.
Mono: successfully reloaded assembly
- Completed reload, in  0.681 seconds
Domain Reload Profiling:
	ReloadAssembly (681ms)
		BeginReloadAssembly (93ms)
			ExecutionOrderSort (0ms)
			DisableScriptedObjects (4ms)
			BackupInstance (0ms)
			ReleaseScriptingObjects (0ms)
			CreateAndSetChildDomain (26ms)
		EndReloadAssembly (548ms)
			LoadAssemblies (59ms)
			RebuildTransferFunctionScriptingTraits (0ms)
			SetupTypeCache (187ms)
			ReleaseScriptCaches (1ms)
			RebuildScriptCaches (25ms)
			SetupLoadedEditorAssemblies (194ms)
				LogAssemblyErrors (0ms)
				InitializePlatformSupportModulesInManaged (3ms)
				SetLoadedEditorAssemblies (0ms)
				RefreshPlugins (1ms)
				BeforeProcessingInitializeOnLoad (46ms)
				ProcessInitializeOnLoadAttributes (134ms)
				ProcessInitializeOnLoadMethodAttributes (6ms)
				AfterProcessingInitializeOnLoad (4ms)
				EditorAssembliesLoaded (0ms)
			ExecutionOrderSort2 (0ms)
			AwakeInstancesAfterBackupRestoration (10ms)
Platform modules already initialized, skipping
Refreshing native plugins compatible for Editor in 0.55 ms, found 2 plugins.
Preloading 0 native plugins for Editor in 0.00 ms.
Unloading 3036 Unused Serialized files (Serialized files now loaded: 0)
System memory in use before: 140.1 MB.
System memory in use after: 140.4 MB.

Unloading 15 unused Assets to reduce memory usage. Loaded Objects now: 3692.
Total: 2.701100 ms (FindLiveObjects: 0.225200 ms CreateObjectMapping: 0.105700 ms MarkObjects: 2.357000 ms  DeleteObjects: 0.012600 ms)

AssetImportParameters requested are different than current active one (requested -> active):
  custom:framework-win-MediaFoundation: 216162199b28c13a410421893ffa2e32 -> 
  custom:video-decoder-ogg-theora: a1e56fd34408186e4bbccfd4996cb3dc -> 
  custom:container-muxer-webm: aa71ff27fc2769a1b78a27578f13a17b -> 
  custom:container-demuxer-webm: 4f35f7cbe854078d1ac9338744f61a02 -> 
  custom:container-demuxer-ogg: 62fdf1f143b41e24485cea50d1cbac27 -> 
  custom:video-encoder-webm-vp8: eb34c28f22e8b96e1ab97ce403110664 -> 
  custom:video-decoder-webm-vp8: 9c59270c3fd7afecdb556c50c9e8de78 -> 
  custom:audio-decoder-ogg-vorbis: bf7c407c2cedff20999df2af8eb42d56 -> 
  custom:audio-encoder-webm-vorbis: bf7c407c2cedff20999df2af8eb42d56 -> 
========================================================================
Received Import Request.
  Time since last request: 1100.238705 seconds.
  path: Assets/Team131Game/131TestScene/Models/Building1.fbx
  artifactKey: Guid(ec86467b76990b84a97afd71791e56d3) Importer(815301076,1909f56bfc062723c751e8b465ee728b)
Start importing Assets/Team131Game/131TestScene/Models/Building1.fbx using Guid(ec86467b76990b84a97afd71791e56d3) Importer(815301076,1909f56bfc062723c751e8b465ee728b)  -> (artifact id: 'f8d9fc6cb042342ef8b402d2c736d804') in 0.134396 seconds 
  Import took 0.138665 seconds .

========================================================================
Received Import Request.
  Time since last request: 21.325894 seconds.
  path: Assets/Team131Game/131TestScene/Models/Building1.fbx
  artifactKey: Guid(ec86467b76990b84a97afd71791e56d3) Importer(815301076,1909f56bfc062723c751e8b465ee728b)
Start importing Assets/Team131Game/131TestScene/Models/Building1.fbx using Guid(ec86467b76990b84a97afd71791e56d3) Importer(815301076,1909f56bfc062723c751e8b465ee728b)  -> (artifact id: '777b1f4c661c88f67503d402ca36419c') in 0.028331 seconds 
  Import took 0.032105 seconds .

========================================================================
Received Import Request.
  Time since last request: 8.749326 seconds.
  path: Assets/Team131Game/131TestScene/Models/Building1.fbx
  artifactKey: Guid(ec86467b76990b84a97afd71791e56d3) Importer(815301076,1909f56bfc062723c751e8b465ee728b)
Start importing Assets/Team131Game/131TestScene/Models/Building1.fbx using Guid(ec86467b76990b84a97afd71791e56d3) Importer(815301076,1909f56bfc062723c751e8b465ee728b)  -> (artifact id: 'f096814538eeabf78301fb81454da8a7') in 0.032255 seconds 
  Import took 0.036419 seconds .

========================================================================
Received Prepare
Registering precompiled user dll's ...
Registered in 0.003134 seconds.
Begin MonoManager ReloadAssembly
Native extension for WindowsStandalone target not found
Refreshing native plugins compatible for Editor in 0.52 ms, found 2 plugins.
Preloading 0 native plugins for Editor in 0.00 ms.
Mono: successfully reloaded assembly
- Completed reload, in  0.680 seconds
Domain Reload Profiling:
	ReloadAssembly (680ms)
		BeginReloadAssembly (94ms)
			ExecutionOrderSort (0ms)
			DisableScriptedObjects (4ms)
			BackupInstance (0ms)
			ReleaseScriptingObjects (0ms)
			CreateAndSetChildDomain (26ms)
		EndReloadAssembly (546ms)
			LoadAssemblies (60ms)
			RebuildTransferFunctionScriptingTraits (0ms)
			SetupTypeCache (185ms)
			ReleaseScriptCaches (1ms)
			RebuildScriptCaches (25ms)
			SetupLoadedEditorAssemblies (194ms)
				LogAssemblyErrors (0ms)
				InitializePlatformSupportModulesInManaged (2ms)
				SetLoadedEditorAssemblies (0ms)
				RefreshPlugins (1ms)
				BeforeProcessingInitializeOnLoad (46ms)
				ProcessInitializeOnLoadAttributes (135ms)
				ProcessInitializeOnLoadMethodAttributes (6ms)
				AfterProcessingInitializeOnLoad (4ms)
				EditorAssembliesLoaded (0ms)
			ExecutionOrderSort2 (0ms)
			AwakeInstancesAfterBackupRestoration (10ms)
Platform modules already initialized, skipping
Refreshing native plugins compatible for Editor in 0.53 ms, found 2 plugins.
Preloading 0 native plugins for Editor in 0.00 ms.
Unloading 3036 Unused Serialized files (Serialized files now loaded: 0)
System memory in use before: 140.3 MB.
System memory in use after: 140.6 MB.

Unloading 15 unused Assets to reduce memory usage. Loaded Objects now: 3730.
Total: 2.701400 ms (FindLiveObjects: 0.217700 ms CreateObjectMapping: 0.094700 ms MarkObjects: 2.376700 ms  DeleteObjects: 0.011700 ms)

AssetImportParameters requested are different than current active one (requested -> active):
  custom:framework-win-MediaFoundation: 216162199b28c13a410421893ffa2e32 -> 
  custom:video-decoder-ogg-theora: a1e56fd34408186e4bbccfd4996cb3dc -> 
  custom:container-muxer-webm: aa71ff27fc2769a1b78a27578f13a17b -> 
  custom:container-demuxer-webm: 4f35f7cbe854078d1ac9338744f61a02 -> 
  custom:container-demuxer-ogg: 62fdf1f143b41e24485cea50d1cbac27 -> 
  custom:video-encoder-webm-vp8: eb34c28f22e8b96e1ab97ce403110664 -> 
  custom:video-decoder-webm-vp8: 9c59270c3fd7afecdb556c50c9e8de78 -> 
  custom:audio-decoder-ogg-vorbis: bf7c407c2cedff20999df2af8eb42d56 -> 
  custom:audio-encoder-webm-vorbis: bf7c407c2cedff20999df2af8eb42d56 -> 
========================================================================
Received Import Request.
  Time since last request: 152.804905 seconds.
  path: Assets/Team131Game/131TestScene/Models/M_Building1.jpg
  artifactKey: Guid(89c08da8ac37a7f47b2512b4259b8f2a) Importer(815301076,1909f56bfc062723c751e8b465ee728b)
Start importing Assets/Team131Game/131TestScene/Models/M_Building1.jpg using Guid(89c08da8ac37a7f47b2512b4259b8f2a) Importer(815301076,1909f56bfc062723c751e8b465ee728b)  -> (artifact id: '07511457008d11b847026aaecedbaee2') in 0.031857 seconds 
  Import took 0.035733 seconds .

========================================================================
Received Import Request.
  Time since last request: 7.887836 seconds.
  path: Assets/Team131Game/131TestScene/Models/Materials
  artifactKey: Guid(412bef5211025de4ea9146c9caf25eb7) Importer(815301076,1909f56bfc062723c751e8b465ee728b)
Start importing Assets/Team131Game/131TestScene/Models/Materials using Guid(412bef5211025de4ea9146c9caf25eb7) Importer(815301076,1909f56bfc062723c751e8b465ee728b)  -> (artifact id: '87650be3f36d6fcf0cb8bfdfd07d64c4') in 0.005449 seconds 
  Import took 0.009210 seconds .

========================================================================
Received Import Request.
  Time since last request: 0.132424 seconds.
  path: Assets/Team131Game/131TestScene/Models/Materials/M_Building1.mat
  artifactKey: Guid(34cd69ed5340e4345992987524ab0bb9) Importer(815301076,1909f56bfc062723c751e8b465ee728b)
Start importing Assets/Team131Game/131TestScene/Models/Materials/M_Building1.mat using Guid(34cd69ed5340e4345992987524ab0bb9) Importer(815301076,1909f56bfc062723c751e8b465ee728b)  -> (artifact id: 'c9274a204786a0beea0600ae43fb75c2') in 0.117618 seconds 
  Import took 0.121415 seconds .

========================================================================
Received Import Request.
  Time since last request: 20.269064 seconds.
  path: Assets/Team131Game/131TestScene/Models/Materials/M_Building1.mat
  artifactKey: Guid(34cd69ed5340e4345992987524ab0bb9) Importer(815301076,1909f56bfc062723c751e8b465ee728b)
Start importing Assets/Team131Game/131TestScene/Models/Materials/M_Building1.mat using Guid(34cd69ed5340e4345992987524ab0bb9) Importer(815301076,1909f56bfc062723c751e8b465ee728b)  -> (artifact id: 'b8648decabe66a82095bc9520a1ec355') in 0.010368 seconds 
  Import took 0.013980 seconds .

========================================================================
Received Import Request.
  Time since last request: 118.357965 seconds.
  path: Assets/Team131Game/131TestScene/Models/Building1.fbx
  artifactKey: Guid(ec86467b76990b84a97afd71791e56d3) Importer(815301076,1909f56bfc062723c751e8b465ee728b)
Start importing Assets/Team131Game/131TestScene/Models/Building1.fbx using Guid(ec86467b76990b84a97afd71791e56d3) Importer(815301076,1909f56bfc062723c751e8b465ee728b)  -> (artifact id: '3053567111c6d9bfeb1d459831e2dbef') in 0.037914 seconds 
  Import took 0.041764 seconds .

========================================================================
Received Import Request.
  Time since last request: 4.612881 seconds.
  path: Assets/Team131Game/131TestScene/Models/Building1.fbx
  artifactKey: Guid(ec86467b76990b84a97afd71791e56d3) Importer(815301076,1909f56bfc062723c751e8b465ee728b)
Start importing Assets/Team131Game/131TestScene/Models/Building1.fbx using Guid(ec86467b76990b84a97afd71791e56d3) Importer(815301076,1909f56bfc062723c751e8b465ee728b)  -> (artifact id: 'c742165622d34c87a24ee4c218ff2326') in 0.023429 seconds 
  Import took 0.027339 seconds .

========================================================================
Received Prepare
Registering precompiled user dll's ...
Registered in 0.003271 seconds.
Begin MonoManager ReloadAssembly
Native extension for WindowsStandalone target not found
Refreshing native plugins compatible for Editor in 0.52 ms, found 2 plugins.
Preloading 0 native plugins for Editor in 0.00 ms.
Mono: successfully reloaded assembly
- Completed reload, in  0.679 seconds
Domain Reload Profiling:
	ReloadAssembly (679ms)
		BeginReloadAssembly (87ms)
			ExecutionOrderSort (0ms)
			DisableScriptedObjects (4ms)
			BackupInstance (0ms)
			ReleaseScriptingObjects (0ms)
			CreateAndSetChildDomain (26ms)
		EndReloadAssembly (552ms)
			LoadAssemblies (60ms)
			RebuildTransferFunctionScriptingTraits (0ms)
			SetupTypeCache (184ms)
			ReleaseScriptCaches (1ms)
			RebuildScriptCaches (25ms)
			SetupLoadedEditorAssemblies (198ms)
				LogAssemblyErrors (0ms)
				InitializePlatformSupportModulesInManaged (3ms)
				SetLoadedEditorAssemblies (0ms)
				RefreshPlugins (1ms)
				BeforeProcessingInitializeOnLoad (47ms)
				ProcessInitializeOnLoadAttributes (137ms)
				ProcessInitializeOnLoadMethodAttributes (6ms)
				AfterProcessingInitializeOnLoad (5ms)
				EditorAssembliesLoaded (0ms)
			ExecutionOrderSort2 (0ms)
			AwakeInstancesAfterBackupRestoration (10ms)
Platform modules already initialized, skipping
Refreshing native plugins compatible for Editor in 0.53 ms, found 2 plugins.
Preloading 0 native plugins for Editor in 0.00 ms.
Unloading 3036 Unused Serialized files (Serialized files now loaded: 0)
System memory in use before: 140.5 MB.
System memory in use after: 140.7 MB.

Unloading 15 unused Assets to reduce memory usage. Loaded Objects now: 3768.
Total: 2.519800 ms (FindLiveObjects: 0.221400 ms CreateObjectMapping: 0.067600 ms MarkObjects: 2.217900 ms  DeleteObjects: 0.012300 ms)

AssetImportParameters requested are different than current active one (requested -> active):
  custom:framework-win-MediaFoundation: 216162199b28c13a410421893ffa2e32 -> 
  custom:video-decoder-ogg-theora: a1e56fd34408186e4bbccfd4996cb3dc -> 
  custom:container-muxer-webm: aa71ff27fc2769a1b78a27578f13a17b -> 
  custom:container-demuxer-webm: 4f35f7cbe854078d1ac9338744f61a02 -> 
  custom:container-demuxer-ogg: 62fdf1f143b41e24485cea50d1cbac27 -> 
  custom:video-encoder-webm-vp8: eb34c28f22e8b96e1ab97ce403110664 -> 
  custom:video-decoder-webm-vp8: 9c59270c3fd7afecdb556c50c9e8de78 -> 
  custom:audio-decoder-ogg-vorbis: bf7c407c2cedff20999df2af8eb42d56 -> 
  custom:audio-encoder-webm-vorbis: bf7c407c2cedff20999df2af8eb42d56 -> 
========================================================================
Received Prepare
Registering precompiled user dll's ...
Registered in 0.003581 seconds.
Begin MonoManager ReloadAssembly
Native extension for WindowsStandalone target not found
Refreshing native plugins compatible for Editor in 0.51 ms, found 2 plugins.
Preloading 0 native plugins for Editor in 0.00 ms.
Mono: successfully reloaded assembly
- Completed reload, in  0.667 seconds
Domain Reload Profiling:
	ReloadAssembly (668ms)
		BeginReloadAssembly (78ms)
			ExecutionOrderSort (0ms)
			DisableScriptedObjects (3ms)
			BackupInstance (0ms)
			ReleaseScriptingObjects (0ms)
			CreateAndSetChildDomain (24ms)
		EndReloadAssembly (550ms)
			LoadAssemblies (59ms)
			RebuildTransferFunctionScriptingTraits (0ms)
			SetupTypeCache (183ms)
			ReleaseScriptCaches (1ms)
			RebuildScriptCaches (26ms)
			SetupLoadedEditorAssemblies (196ms)
				LogAssemblyErrors (0ms)
				InitializePlatformSupportModulesInManaged (2ms)
				SetLoadedEditorAssemblies (0ms)
				RefreshPlugins (1ms)
				BeforeProcessingInitializeOnLoad (47ms)
				ProcessInitializeOnLoadAttributes (135ms)
				ProcessInitializeOnLoadMethodAttributes (6ms)
				AfterProcessingInitializeOnLoad (4ms)
				EditorAssembliesLoaded (0ms)
			ExecutionOrderSort2 (0ms)
			AwakeInstancesAfterBackupRestoration (10ms)
Platform modules already initialized, skipping
Refreshing native plugins compatible for Editor in 0.54 ms, found 2 plugins.
Preloading 0 native plugins for Editor in 0.00 ms.
Unloading 3036 Unused Serialized files (Serialized files now loaded: 0)
System memory in use before: 140.5 MB.
System memory in use after: 140.7 MB.

Unloading 15 unused Assets to reduce memory usage. Loaded Objects now: 3770.
Total: 2.694200 ms (FindLiveObjects: 0.212200 ms CreateObjectMapping: 0.076300 ms MarkObjects: 2.391200 ms  DeleteObjects: 0.013700 ms)

AssetImportParameters requested are different than current active one (requested -> active):
  custom:framework-win-MediaFoundation: 216162199b28c13a410421893ffa2e32 -> 
  custom:video-decoder-ogg-theora: a1e56fd34408186e4bbccfd4996cb3dc -> 
  custom:container-muxer-webm: aa71ff27fc2769a1b78a27578f13a17b -> 
  custom:container-demuxer-webm: 4f35f7cbe854078d1ac9338744f61a02 -> 
  custom:container-demuxer-ogg: 62fdf1f143b41e24485cea50d1cbac27 -> 
  custom:video-encoder-webm-vp8: eb34c28f22e8b96e1ab97ce403110664 -> 
  custom:video-decoder-webm-vp8: 9c59270c3fd7afecdb556c50c9e8de78 -> 
  custom:audio-decoder-ogg-vorbis: bf7c407c2cedff20999df2af8eb42d56 -> 
  custom:audio-encoder-webm-vorbis: bf7c407c2cedff20999df2af8eb42d56 -> 
========================================================================
Received Import Request.
  Time since last request: 481.607328 seconds.
  path: Assets/Team131Game/131TestScene/Models/Textures
  artifactKey: Guid(84b7024f4b8943c40af3199133d95dde) Importer(815301076,1909f56bfc062723c751e8b465ee728b)
Start importing Assets/Team131Game/131TestScene/Models/Textures using Guid(84b7024f4b8943c40af3199133d95dde) Importer(815301076,1909f56bfc062723c751e8b465ee728b)  -> (artifact id: '12d65b8e39d3f831b78261f81d16bd19') in 0.008149 seconds 
  Import took 0.011203 seconds .

========================================================================
Received Import Request.
  Time since last request: 0.482372 seconds.
  path: Assets/Team131Game/131TestScene/Models/Building1.fbx
  artifactKey: Guid(ec86467b76990b84a97afd71791e56d3) Importer(815301076,1909f56bfc062723c751e8b465ee728b)
Start importing Assets/Team131Game/131TestScene/Models/Building1.fbx using Guid(ec86467b76990b84a97afd71791e56d3) Importer(815301076,1909f56bfc062723c751e8b465ee728b)  -> (artifact id: 'c84f174b28d01d73f4712cff6252d8e1') in 0.135901 seconds 
  Import took 0.139782 seconds .

========================================================================
Received Prepare
Registering precompiled user dll's ...
Registered in 0.003179 seconds.
Begin MonoManager ReloadAssembly
Native extension for WindowsStandalone target not found
Refreshing native plugins compatible for Editor in 0.51 ms, found 2 plugins.
Preloading 0 native plugins for Editor in 0.00 ms.
Mono: successfully reloaded assembly
- Completed reload, in  0.679 seconds
Domain Reload Profiling:
	ReloadAssembly (679ms)
		BeginReloadAssembly (87ms)
			ExecutionOrderSort (0ms)
			DisableScriptedObjects (4ms)
			BackupInstance (0ms)
			ReleaseScriptingObjects (0ms)
			CreateAndSetChildDomain (26ms)
		EndReloadAssembly (552ms)
			LoadAssemblies (60ms)
			RebuildTransferFunctionScriptingTraits (0ms)
			SetupTypeCache (184ms)
			ReleaseScriptCaches (1ms)
			RebuildScriptCaches (25ms)
			SetupLoadedEditorAssemblies (199ms)
				LogAssemblyErrors (0ms)
				InitializePlatformSupportModulesInManaged (2ms)
				SetLoadedEditorAssemblies (0ms)
				RefreshPlugins (1ms)
				BeforeProcessingInitializeOnLoad (47ms)
				ProcessInitializeOnLoadAttributes (138ms)
				ProcessInitializeOnLoadMethodAttributes (6ms)
				AfterProcessingInitializeOnLoad (5ms)
				EditorAssembliesLoaded (0ms)
			ExecutionOrderSort2 (0ms)
			AwakeInstancesAfterBackupRestoration (11ms)
Platform modules already initialized, skipping
Refreshing native plugins compatible for Editor in 0.56 ms, found 2 plugins.
Preloading 0 native plugins for Editor in 0.00 ms.
Unloading 3036 Unused Serialized files (Serialized files now loaded: 0)
System memory in use before: 140.6 MB.
System memory in use after: 140.9 MB.

Unloading 15 unused Assets to reduce memory usage. Loaded Objects now: 3808.
Total: 2.830200 ms (FindLiveObjects: 0.235100 ms CreateObjectMapping: 0.103900 ms MarkObjects: 2.476500 ms  DeleteObjects: 0.013900 ms)

AssetImportParameters requested are different than current active one (requested -> active):
  custom:framework-win-MediaFoundation: 216162199b28c13a410421893ffa2e32 -> 
  custom:video-decoder-ogg-theora: a1e56fd34408186e4bbccfd4996cb3dc -> 
  custom:container-muxer-webm: aa71ff27fc2769a1b78a27578f13a17b -> 
  custom:container-demuxer-webm: 4f35f7cbe854078d1ac9338744f61a02 -> 
  custom:container-demuxer-ogg: 62fdf1f143b41e24485cea50d1cbac27 -> 
  custom:video-encoder-webm-vp8: eb34c28f22e8b96e1ab97ce403110664 -> 
  custom:video-decoder-webm-vp8: 9c59270c3fd7afecdb556c50c9e8de78 -> 
  custom:audio-decoder-ogg-vorbis: bf7c407c2cedff20999df2af8eb42d56 -> 
  custom:audio-encoder-webm-vorbis: bf7c407c2cedff20999df2af8eb42d56 -> 
========================================================================
Received Import Request.
  Time since last request: 1347.141564 seconds.
  path: Assets/Team131Game/131TestScene/Models/Building2.fbx
  artifactKey: Guid(6204949a1201bfc4da55193c195485ec) Importer(815301076,1909f56bfc062723c751e8b465ee728b)
Start importing Assets/Team131Game/131TestScene/Models/Building2.fbx using Guid(6204949a1201bfc4da55193c195485ec) Importer(815301076,1909f56bfc062723c751e8b465ee728b)  -> (artifact id: 'd409b8e127e18a5719b6585b0f67d1ba') in 0.134240 seconds 
  Import took 0.139159 seconds .

========================================================================
Received Import Request.
  Time since last request: 10.821829 seconds.
  path: Assets/Team131Game/131TestScene/Models/Textures/M_Building2.jpg
  artifactKey: Guid(5bcf49c8df530f442af370092f9b36b7) Importer(815301076,1909f56bfc062723c751e8b465ee728b)
Start importing Assets/Team131Game/131TestScene/Models/Textures/M_Building2.jpg using Guid(5bcf49c8df530f442af370092f9b36b7) Importer(815301076,1909f56bfc062723c751e8b465ee728b)  -> (artifact id: 'f4c49e21f0135080c6c234a3000249e4') in 0.016427 seconds 
  Import took 0.020079 seconds .

========================================================================
Received Import Request.
  Time since last request: 0.958525 seconds.
  path: Assets/Team131Game/131TestScene/Models/Building2.fbx
  artifactKey: Guid(6204949a1201bfc4da55193c195485ec) Importer(815301076,1909f56bfc062723c751e8b465ee728b)
Start importing Assets/Team131Game/131TestScene/Models/Building2.fbx using Guid(6204949a1201bfc4da55193c195485ec) Importer(815301076,1909f56bfc062723c751e8b465ee728b)  -> (artifact id: '535b41297f0d1b71348f50ef1e316993') in 0.014889 seconds 
  Import took 0.018501 seconds .

========================================================================
Received Prepare
Registering precompiled user dll's ...
Registered in 0.003536 seconds.
Begin MonoManager ReloadAssembly
Native extension for WindowsStandalone target not found
Refreshing native plugins compatible for Editor in 0.51 ms, found 2 plugins.
Preloading 0 native plugins for Editor in 0.00 ms.
Mono: successfully reloaded assembly
- Completed reload, in  0.674 seconds
Domain Reload Profiling:
	ReloadAssembly (675ms)
		BeginReloadAssembly (89ms)
			ExecutionOrderSort (0ms)
			DisableScriptedObjects (4ms)
			BackupInstance (0ms)
			ReleaseScriptingObjects (0ms)
			CreateAndSetChildDomain (26ms)
		EndReloadAssembly (546ms)
			LoadAssemblies (59ms)
			RebuildTransferFunctionScriptingTraits (0ms)
			SetupTypeCache (182ms)
			ReleaseScriptCaches (1ms)
			RebuildScriptCaches (26ms)
			SetupLoadedEditorAssemblies (194ms)
				LogAssemblyErrors (0ms)
				InitializePlatformSupportModulesInManaged (2ms)
				SetLoadedEditorAssemblies (0ms)
				RefreshPlugins (1ms)
				BeforeProcessingInitializeOnLoad (46ms)
				ProcessInitializeOnLoadAttributes (135ms)
				ProcessInitializeOnLoadMethodAttributes (6ms)
				AfterProcessingInitializeOnLoad (4ms)
				EditorAssembliesLoaded (0ms)
			ExecutionOrderSort2 (0ms)
			AwakeInstancesAfterBackupRestoration (11ms)
Platform modules already initialized, skipping
Refreshing native plugins compatible for Editor in 0.53 ms, found 2 plugins.
Preloading 0 native plugins for Editor in 0.00 ms.
Unloading 3036 Unused Serialized files (Serialized files now loaded: 0)
System memory in use before: 140.8 MB.
System memory in use after: 141.0 MB.

Unloading 15 unused Assets to reduce memory usage. Loaded Objects now: 3846.
Total: 2.577700 ms (FindLiveObjects: 0.226100 ms CreateObjectMapping: 0.081500 ms MarkObjects: 2.257800 ms  DeleteObjects: 0.011500 ms)

AssetImportParameters requested are different than current active one (requested -> active):
  custom:framework-win-MediaFoundation: 216162199b28c13a410421893ffa2e32 -> 
  custom:video-decoder-ogg-theora: a1e56fd34408186e4bbccfd4996cb3dc -> 
  custom:container-muxer-webm: aa71ff27fc2769a1b78a27578f13a17b -> 
  custom:container-demuxer-webm: 4f35f7cbe854078d1ac9338744f61a02 -> 
  custom:container-demuxer-ogg: 62fdf1f143b41e24485cea50d1cbac27 -> 
  custom:video-encoder-webm-vp8: eb34c28f22e8b96e1ab97ce403110664 -> 
  custom:video-decoder-webm-vp8: 9c59270c3fd7afecdb556c50c9e8de78 -> 
  custom:audio-decoder-ogg-vorbis: bf7c407c2cedff20999df2af8eb42d56 -> 
  custom:audio-encoder-webm-vorbis: bf7c407c2cedff20999df2af8eb42d56 -> 
AssetImportWorkerClient::OnTransportError - code=2 error=End of file
